This file contains any messages produced by compilers while
running configure, to aid debugging if configure makes a mistake.

It was created by pipexec configure 2.6.1, which was
generated by GNU Autoconf 2.71.  Invocation command line was

  $ ./configure

## --------- ##
## Platform. ##
## --------- ##

hostname = no
uname -m = x86_64
uname -r = 5.15.88-1-lts
uname -s = Linux
uname -v = #1 SMP Sat, 14 Jan 2023 12:12:48 +0000

/usr/bin/uname -p = unknown
/bin/uname -X     = unknown

/bin/arch              = unknown
/usr/bin/arch -k       = unknown
/usr/convex/getsysinfo = unknown
/usr/bin/hostinfo      = unknown
/bin/machine           = unknown
/usr/bin/oslevel       = unknown
/bin/universe          = unknown

PATH: /usr/local/bin/
PATH: /usr/bin/
PATH: /bin/
PATH: /usr/local/sbin/
PATH: /home/monkyyy/.dotnet/tools/
PATH: /var/lib/flatpak/exports/bin/
PATH: /usr/lib/jvm/default/bin/
PATH: /usr/bin/site_perl/
PATH: /usr/bin/vendor_perl/
PATH: /usr/bin/core_perl/


## ----------- ##
## Core tests. ##
## ----------- ##

configure:2368: looking for aux files: config.guess config.sub ltmain.sh compile ar-lib missing install-sh
configure:2381:  trying ./
configure:2410:   ./config.guess found
configure:2410:   ./config.sub found
configure:2410:   ./ltmain.sh found
configure:2410:   ./compile found
configure:2410:   ./ar-lib found
configure:2410:   ./missing found
configure:2392:   ./install-sh found
configure:2540: checking for a BSD-compatible install
configure:2613: result: /usr/bin/install -c
configure:2624: checking whether build environment is sane
configure:2679: result: yes
configure:2838: checking for a race-free mkdir -p
configure:2882: result: /usr/bin/mkdir -p
configure:2889: checking for gawk
configure:2910: found /usr/bin/gawk
configure:2921: result: gawk
configure:2932: checking whether make sets $(MAKE)
configure:2955: result: yes
configure:2985: checking whether make supports nested variables
configure:3003: result: yes
configure:3152: checking whether make supports nested variables
configure:3170: result: yes
configure:3195: checking whether make supports the include directive
configure:3210: make -f confmf.GNU && cat confinc.out
this is the am__doit target
configure:3213: $? = 0
configure:3232: result: yes (GNU style)
configure:3308: checking for gcc
configure:3329: found /usr/bin/gcc
configure:3340: result: gcc
configure:3693: checking for C compiler version
configure:3702: gcc --version >&5
gcc (GCC) 12.2.0
Copyright (C) 2022 Free Software Foundation, Inc.
This is free software; see the source for copying conditions.  There is NO
warranty; not even for MERCHANTABILITY or FITNESS FOR A PARTICULAR PURPOSE.

configure:3713: $? = 0
configure:3702: gcc -v >&5
Using built-in specs.
COLLECT_GCC=gcc
COLLECT_LTO_WRAPPER=/usr/lib/gcc/x86_64-pc-linux-gnu/12.2.0/lto-wrapper
Target: x86_64-pc-linux-gnu
Configured with: /build/gcc/src/gcc/configure --enable-languages=c,c++,ada,fortran,go,lto,objc,obj-c++,d --enable-bootstrap --prefix=/usr --libdir=/usr/lib --libexecdir=/usr/lib --mandir=/usr/share/man --infodir=/usr/share/info --with-bugurl=https://bugs.archlinux.org/ --with-build-config=bootstrap-lto --with-linker-hash-style=gnu --with-system-zlib --enable-__cxa_atexit --enable-cet=auto --enable-checking=release --enable-clocale=gnu --enable-default-pie --enable-default-ssp --enable-gnu-indirect-function --enable-gnu-unique-object --enable-libstdcxx-backtrace --enable-link-serialization=1 --enable-linker-build-id --enable-lto --enable-multilib --enable-plugin --enable-shared --enable-threads=posix --disable-libssp --disable-libstdcxx-pch --disable-werror
Thread model: posix
Supported LTO compression algorithms: zlib zstd
gcc version 12.2.0 (GCC) 
configure:3713: $? = 0
configure:3702: gcc -V >&5
gcc: error: unrecognized command-line option '-V'
gcc: fatal error: no input files
compilation terminated.
configure:3713: $? = 1
configure:3702: gcc -qversion >&5
gcc: error: unrecognized command-line option '-qversion'; did you mean '--version'?
gcc: fatal error: no input files
compilation terminated.
configure:3713: $? = 1
configure:3702: gcc -version >&5
gcc: error: unrecognized command-line option '-version'
gcc: fatal error: no input files
compilation terminated.
configure:3713: $? = 1
configure:3733: checking whether the C compiler works
configure:3755: gcc    conftest.c  >&5
configure:3759: $? = 0
configure:3809: result: yes
configure:3812: checking for C compiler default output file name
configure:3814: result: a.out
configure:3820: checking for suffix of executables
configure:3827: gcc -o conftest    conftest.c  >&5
configure:3831: $? = 0
configure:3854: result: 
configure:3876: checking whether we are cross compiling
configure:3884: gcc -o conftest    conftest.c  >&5
configure:3888: $? = 0
configure:3895: ./conftest
configure:3899: $? = 0
configure:3914: result: no
configure:3919: checking for suffix of object files
configure:3942: gcc -c   conftest.c >&5
configure:3946: $? = 0
configure:3968: result: o
configure:3972: checking whether the compiler supports GNU C
configure:3992: gcc -c   conftest.c >&5
configure:3992: $? = 0
configure:4002: result: yes
configure:4013: checking whether gcc accepts -g
configure:4034: gcc -c -g  conftest.c >&5
configure:4034: $? = 0
configure:4078: result: yes
configure:4098: checking for gcc option to enable C11 features
configure:4113: gcc  -c -g -O2  conftest.c >&5
configure:4113: $? = 0
configure:4131: result: none needed
configure:4247: checking whether gcc understands -c and -o together
configure:4270: gcc -c conftest.c -o conftest2.o
configure:4273: $? = 0
configure:4270: gcc -c conftest.c -o conftest2.o
configure:4273: $? = 0
configure:4285: result: yes
configure:4304: checking dependency style of gcc
configure:4416: result: gcc3
configure:4487: checking for ar
configure:4508: found /usr/bin/ar
configure:4519: result: ar
configure:4545: checking the archiver (ar) interface
configure:4562: gcc -c -g -O2  conftest.c >&5
configure:4562: $? = 0
configure:4565: ar cru libconftest.a conftest.o >&5
ar: `u' modifier ignored since `D' is the default (see `U')
configure:4568: $? = 0
configure:4596: result: ar
configure:4648: checking build system type
configure:4663: result: x86_64-pc-linux-gnu
configure:4683: checking host system type
configure:4697: result: x86_64-pc-linux-gnu
configure:4738: checking how to print strings
configure:4765: result: printf
configure:4786: checking for a sed that does not truncate output
configure:4856: result: /usr/bin/sed
configure:4874: checking for grep that handles long lines and -e
configure:4938: result: /usr/bin/grep
configure:4943: checking for egrep
configure:5011: result: /usr/bin/grep -E
configure:5016: checking for fgrep
configure:5084: result: /usr/bin/grep -F
configure:5120: checking for ld used by gcc
configure:5188: result: /usr/bin/ld
configure:5195: checking if the linker (/usr/bin/ld) is GNU ld
configure:5211: result: yes
configure:5223: checking for BSD- or MS-compatible name lister (nm)
configure:5278: result: /usr/bin/nm -B
configure:5418: checking the name lister (/usr/bin/nm -B) interface
configure:5426: gcc -c -g -O2  conftest.c >&5
configure:5429: /usr/bin/nm -B "conftest.o"
configure:5432: output
0000000000000000 B some_variable
configure:5439: result: BSD nm
configure:5442: checking whether ln -s works
configure:5446: result: yes
configure:5454: checking the maximum length of command line arguments
configure:5586: result: 1572864
configure:5634: checking how to convert x86_64-pc-linux-gnu file names to x86_64-pc-linux-gnu format
configure:5675: result: func_convert_file_noop
configure:5682: checking how to convert x86_64-pc-linux-gnu file names to toolchain format
configure:5703: result: func_convert_file_noop
configure:5710: checking for /usr/bin/ld option to reload object files
configure:5718: result: -r
configure:5797: checking for file
configure:5818: found /usr/bin/file
configure:5829: result: file
configure:5905: checking for objdump
configure:5926: found /usr/bin/objdump
configure:5937: result: objdump
configure:5969: checking how to recognize dependent libraries
configure:6170: result: pass_all
configure:6260: checking for dlltool
configure:6295: result: no
configure:6325: checking how to associate runtime and link libraries
configure:6353: result: printf %s\n
configure:6503: checking for archiver @FILE support
configure:6521: gcc -c -g -O2  conftest.c >&5
configure:6521: $? = 0
configure:6525: ar cr libconftest.a @conftest.lst >&5
configure:6528: $? = 0
configure:6533: ar cr libconftest.a @conftest.lst >&5
ar: conftest.o: No such file or directory
configure:6536: $? = 1
configure:6548: result: @
configure:6611: checking for strip
configure:6632: found /usr/bin/strip
configure:6643: result: strip
configure:6720: checking for ranlib
configure:6741: found /usr/bin/ranlib
configure:6752: result: ranlib
configure:6854: checking command to parse /usr/bin/nm -B output from gcc object
configure:7008: gcc -c -g -O2  conftest.c >&5
configure:7011: $? = 0
configure:7015: /usr/bin/nm -B conftest.o | /usr/bin/sed -n -e 's/^.*[	 ]\([ABCDGIRSTW][ABCDGIRSTW]*\)[	 ][	 ]*\([_A-Za-z][_A-Za-z0-9]*\)$/\1 \2 \2/p' | /usr/bin/sed '/ __gnu_lto/d' > conftest.nm
configure:7081: gcc -o conftest -g -O2   conftest.c conftstm.o >&5
configure:7084: $? = 0
configure:7122: result: ok
configure:7169: checking for sysroot
configure:7200: result: no
configure:7207: checking for a working dd
configure:7251: result: /usr/bin/dd
configure:7255: checking how to truncate binary pipes
configure:7271: result: /usr/bin/dd bs=4096 count=1
configure:7408: gcc -c -g -O2  conftest.c >&5
configure:7411: $? = 0
configure:7608: checking for mt
configure:7643: result: no
configure:7663: checking if : is a manifest tool
configure:7670: : '-?'
configure:7678: result: no
configure:8403: checking for stdio.h
configure:8403: gcc -c -g -O2  conftest.c >&5
configure:8403: $? = 0
configure:8403: result: yes
configure:8403: checking for stdlib.h
configure:8403: gcc -c -g -O2  conftest.c >&5
configure:8403: $? = 0
configure:8403: result: yes
configure:8403: checking for string.h
configure:8403: gcc -c -g -O2  conftest.c >&5
configure:8403: $? = 0
configure:8403: result: yes
configure:8403: checking for inttypes.h
configure:8403: gcc -c -g -O2  conftest.c >&5
configure:8403: $? = 0
configure:8403: result: yes
configure:8403: checking for stdint.h
configure:8403: gcc -c -g -O2  conftest.c >&5
configure:8403: $? = 0
configure:8403: result: yes
configure:8403: checking for strings.h
configure:8403: gcc -c -g -O2  conftest.c >&5
configure:8403: $? = 0
configure:8403: result: yes
configure:8403: checking for sys/stat.h
configure:8403: gcc -c -g -O2  conftest.c >&5
configure:8403: $? = 0
configure:8403: result: yes
configure:8403: checking for sys/types.h
configure:8403: gcc -c -g -O2  conftest.c >&5
configure:8403: $? = 0
configure:8403: result: yes
configure:8403: checking for unistd.h
configure:8403: gcc -c -g -O2  conftest.c >&5
configure:8403: $? = 0
configure:8403: result: yes
configure:8428: checking for dlfcn.h
configure:8428: gcc -c -g -O2  conftest.c >&5
configure:8428: $? = 0
configure:8428: result: yes
configure:8687: checking for objdir
configure:8703: result: .libs
configure:8967: checking if gcc supports -fno-rtti -fno-exceptions
configure:8986: gcc -c -g -O2  -fno-rtti -fno-exceptions conftest.c >&5
cc1: warning: command-line option '-fno-rtti' is valid for C++/D/ObjC++ but not for C
configure:8990: $? = 0
configure:9003: result: no
configure:9367: checking for gcc option to produce PIC
configure:9375: result: -fPIC -DPIC
configure:9383: checking if gcc PIC flag -fPIC -DPIC works
configure:9402: gcc -c -g -O2  -fPIC -DPIC -DPIC conftest.c >&5
configure:9406: $? = 0
configure:9419: result: yes
configure:9448: checking if gcc static flag -static works
configure:9477: result: yes
configure:9492: checking if gcc supports -c -o file.o
configure:9514: gcc -c -g -O2  -o out/conftest2.o conftest.c >&5
configure:9518: $? = 0
configure:9540: result: yes
configure:9548: checking if gcc supports -c -o file.o
configure:9596: result: yes
configure:9629: checking whether the gcc linker (/usr/bin/ld -m elf_x86_64) supports shared libraries
configure:10903: result: yes
configure:10940: checking whether -lc should be explicitly linked in
configure:10949: gcc -c -g -O2  conftest.c >&5
configure:10952: $? = 0
configure:10967: gcc -shared  -fPIC -DPIC conftest.o  -v -Wl,-soname -Wl,conftest -o conftest 2\>\&1 \| /usr/bin/grep  -lc  \>/dev/null 2\>\&1
configure:10970: $? = 0
configure:10984: result: no
configure:11144: checking dynamic linker characteristics
configure:11726: gcc -o conftest -g -O2   -Wl,-rpath -Wl,/foo conftest.c  >&5
configure:11726: $? = 0
configure:11977: result: GNU/Linux ld.so
configure:12099: checking how to hardcode library paths into programs
configure:12124: result: immediate
configure:12676: checking whether stripping libraries is possible
configure:12685: result: yes
configure:12727: checking if libtool supports shared libraries
configure:12729: result: yes
configure:12732: checking whether to build shared libraries
configure:12757: result: yes
configure:12760: checking whether to build static libraries
configure:12764: result: yes
configure:12854: checking for gcc
configure:12886: result: gcc
configure:13239: checking for C compiler version
configure:13248: gcc --version >&5
gcc (GCC) 12.2.0
Copyright (C) 2022 Free Software Foundation, Inc.
This is free software; see the source for copying conditions.  There is NO
warranty; not even for MERCHANTABILITY or FITNESS FOR A PARTICULAR PURPOSE.

configure:13259: $? = 0
configure:13248: gcc -v >&5
Using built-in specs.
COLLECT_GCC=gcc
COLLECT_LTO_WRAPPER=/usr/lib/gcc/x86_64-pc-linux-gnu/12.2.0/lto-wrapper
Target: x86_64-pc-linux-gnu
Configured with: /build/gcc/src/gcc/configure --enable-languages=c,c++,ada,fortran,go,lto,objc,obj-c++,d --enable-bootstrap --prefix=/usr --libdir=/usr/lib --libexecdir=/usr/lib --mandir=/usr/share/man --infodir=/usr/share/info --with-bugurl=https://bugs.archlinux.org/ --with-build-config=bootstrap-lto --with-linker-hash-style=gnu --with-system-zlib --enable-__cxa_atexit --enable-cet=auto --enable-checking=release --enable-clocale=gnu --enable-default-pie --enable-default-ssp --enable-gnu-indirect-function --enable-gnu-unique-object --enable-libstdcxx-backtrace --enable-link-serialization=1 --enable-linker-build-id --enable-lto --enable-multilib --enable-plugin --enable-shared --enable-threads=posix --disable-libssp --disable-libstdcxx-pch --disable-werror
Thread model: posix
Supported LTO compression algorithms: zlib zstd
gcc version 12.2.0 (GCC) 
configure:13259: $? = 0
configure:13248: gcc -V >&5
gcc: error: unrecognized command-line option '-V'
gcc: fatal error: no input files
compilation terminated.
configure:13259: $? = 1
configure:13248: gcc -qversion >&5
gcc: error: unrecognized command-line option '-qversion'; did you mean '--version'?
gcc: fatal error: no input files
compilation terminated.
configure:13259: $? = 1
configure:13248: gcc -version >&5
gcc: error: unrecognized command-line option '-version'
gcc: fatal error: no input files
compilation terminated.
configure:13259: $? = 1
configure:13263: checking whether the compiler supports GNU C
configure:13293: result: yes
configure:13304: checking whether gcc accepts -g
configure:13369: result: yes
configure:13389: checking for gcc option to enable C11 features
configure:13422: result: none needed
configure:13538: checking whether gcc understands -c and -o together
configure:13576: result: yes
configure:13595: checking dependency style of gcc
configure:13707: result: gcc3
configure:13727: checking whether to build with debug information
configure:13737: result: no
configure:13753: checking whether to build with profiling support
configure:13763: result: no
configure:13775: checking whether to build with coverage
configure:13785: result: no
configure:13985: checking that generated files are newer than configure
configure:13991: result: done
configure:14026: creating ./config.status

## ---------------------- ##
## Running config.status. ##
## ---------------------- ##

This file was extended by pipexec config.status 2.6.1, which was
generated by GNU Autoconf 2.71.  Invocation command line was

  CONFIG_FILES    = 
  CONFIG_HEADERS  = 
  CONFIG_LINKS    = 
  CONFIG_COMMANDS = 
  $ ./config.status 

on no

config.status:1089: creating Makefile
config.status:1089: creating config.h
config.status:1318: executing depfiles commands
config.status:1395: cd .       && sed -e '/# am--include-marker/d' Makefile         | make -f - am--depfiles
config.status:1400: $? = 0
config.status:1318: executing libtool commands

## ---------------- ##
## Cache variables. ##
## ---------------- ##

ac_cv_build=x86_64-pc-linux-gnu
ac_cv_c_compiler_gnu=yes
ac_cv_env_CC_set=
ac_cv_env_CC_value=
ac_cv_env_CFLAGS_set=
ac_cv_env_CFLAGS_value=
ac_cv_env_CPPFLAGS_set=
ac_cv_env_CPPFLAGS_value=
ac_cv_env_LDFLAGS_set=
ac_cv_env_LDFLAGS_value=
ac_cv_env_LIBS_set=
ac_cv_env_LIBS_value=
ac_cv_env_LT_SYS_LIBRARY_PATH_set=
ac_cv_env_LT_SYS_LIBRARY_PATH_value=
ac_cv_env_build_alias_set=
ac_cv_env_build_alias_value=
ac_cv_env_host_alias_set=
ac_cv_env_host_alias_value=
ac_cv_env_target_alias_set=
ac_cv_env_target_alias_value=
ac_cv_header_dlfcn_h=yes
ac_cv_header_inttypes_h=yes
ac_cv_header_stdint_h=yes
ac_cv_header_stdio_h=yes
ac_cv_header_stdlib_h=yes
ac_cv_header_string_h=yes
ac_cv_header_strings_h=yes
ac_cv_header_sys_stat_h=yes
ac_cv_header_sys_types_h=yes
ac_cv_header_unistd_h=yes
ac_cv_host=x86_64-pc-linux-gnu
ac_cv_objext=o
ac_cv_path_EGREP='/usr/bin/grep -E'
ac_cv_path_FGREP='/usr/bin/grep -F'
ac_cv_path_GREP=/usr/bin/grep
ac_cv_path_SED=/usr/bin/sed
ac_cv_path_install='/usr/bin/install -c'
ac_cv_path_lt_DD=/usr/bin/dd
ac_cv_path_mkdir=/usr/bin/mkdir
ac_cv_prog_AWK=gawk
ac_cv_prog_ac_ct_AR=ar
ac_cv_prog_ac_ct_CC=gcc
ac_cv_prog_ac_ct_FILECMD=file
ac_cv_prog_ac_ct_OBJDUMP=objdump
ac_cv_prog_ac_ct_RANLIB=ranlib
ac_cv_prog_ac_ct_STRIP=strip
ac_cv_prog_cc_c11=
ac_cv_prog_cc_g=yes
ac_cv_prog_cc_stdc=
ac_cv_prog_make_make_set=yes
am_cv_CC_dependencies_compiler_type=gcc3
am_cv_ar_interface=ar
am_cv_make_support_nested_variables=yes
am_cv_prog_cc_c_o=yes
lt_cv_ar_at_file=@
lt_cv_archive_cmds_need_lc=no
lt_cv_deplibs_check_method=pass_all
lt_cv_file_magic_cmd='$MAGIC_CMD'
lt_cv_file_magic_test_file=
lt_cv_ld_reload_flag=-r
lt_cv_nm_interface='BSD nm'
lt_cv_objdir=.libs
lt_cv_path_LD=/usr/bin/ld
lt_cv_path_NM='/usr/bin/nm -B'
lt_cv_path_mainfest_tool=no
lt_cv_prog_compiler_c_o=yes
lt_cv_prog_compiler_pic='-fPIC -DPIC'
lt_cv_prog_compiler_pic_works=yes
lt_cv_prog_compiler_rtti_exceptions=no
lt_cv_prog_compiler_static_works=yes
lt_cv_prog_gnu_ld=yes
lt_cv_sharedlib_from_linklib_cmd='printf %s\n'
lt_cv_shlibpath_overrides_runpath=yes
lt_cv_sys_global_symbol_pipe='/usr/bin/sed -n -e '\''s/^.*[	 ]\([ABCDGIRSTW][ABCDGIRSTW]*\)[	 ][	 ]*\([_A-Za-z][_A-Za-z0-9]*\)$/\1 \2 \2/p'\'' | /usr/bin/sed '\''/ __gnu_lto/d'\'''
lt_cv_sys_global_symbol_to_c_name_address='/usr/bin/sed -n -e '\''s/^: \(.*\) .*$/  {"\1", (void *) 0},/p'\'' -e '\''s/^[ABCDGIRSTW][ABCDGIRSTW]* .* \(.*\)$/  {"\1", (void *) \&\1},/p'\'''
lt_cv_sys_global_symbol_to_c_name_address_lib_prefix='/usr/bin/sed -n -e '\''s/^: \(.*\) .*$/  {"\1", (void *) 0},/p'\'' -e '\''s/^[ABCDGIRSTW][ABCDGIRSTW]* .* \(lib.*\)$/  {"\1", (void *) \&\1},/p'\'' -e '\''s/^[ABCDGIRSTW][ABCDGIRSTW]* .* \(.*\)$/  {"lib\1", (void *) \&\1},/p'\'''
lt_cv_sys_global_symbol_to_cdecl='/usr/bin/sed -n -e '\''s/^T .* \(.*\)$/extern int \1();/p'\'' -e '\''s/^[ABCDGIRSTW][ABCDGIRSTW]* .* \(.*\)$/extern char \1;/p'\'''
lt_cv_sys_global_symbol_to_import=
lt_cv_sys_max_cmd_len=1572864
lt_cv_to_host_file_cmd=func_convert_file_noop
lt_cv_to_tool_file_cmd=func_convert_file_noop
lt_cv_truncate_bin='/usr/bin/dd bs=4096 count=1'

## ----------------- ##
## Output variables. ##
## ----------------- ##

ACLOCAL='${SHELL} '\''/home/monkyyy/src/graphicalsheel/pipexec-2.6.1/missing'\'' aclocal-1.16'
AMDEPBACKSLASH='\'
AMDEP_FALSE='#'
AMDEP_TRUE=''
AMTAR='$${TAR-tar}'
AM_BACKSLASH='\'
AM_DEFAULT_V='$(AM_DEFAULT_VERBOSITY)'
AM_DEFAULT_VERBOSITY='0'
AM_V='$(V)'
AR='ar'
AUTOCONF='${SHELL} '\''/home/monkyyy/src/graphicalsheel/pipexec-2.6.1/missing'\'' autoconf'
AUTOHEADER='${SHELL} '\''/home/monkyyy/src/graphicalsheel/pipexec-2.6.1/missing'\'' autoheader'
AUTOMAKE='${SHELL} '\''/home/monkyyy/src/graphicalsheel/pipexec-2.6.1/missing'\'' automake-1.16'
AWK='gawk'
CC='gcc'
CCDEPMODE='depmode=gcc3'
CFLAGS='-std=c99 -Wall -Wextra -Werror -O3'
CPPFLAGS=''
CSCOPE='cscope'
CTAGS='ctags'
CYGPATH_W='echo'
DEFS='-DHAVE_CONFIG_H'
DEPDIR='.deps'
DLLTOOL='false'
DSYMUTIL=''
DUMPBIN=''
ECHO_C=''
ECHO_N='-n'
ECHO_T=''
EGREP='/usr/bin/grep -E'
ETAGS='etags'
EXEEXT=''
FGREP='/usr/bin/grep -F'
FILECMD='file'
GREP='/usr/bin/grep'
HAVE_VALGRIND=''
INSTALL_DATA='${INSTALL} -m 644'
INSTALL_PROGRAM='${INSTALL}'
INSTALL_SCRIPT='${INSTALL}'
INSTALL_STRIP_PROGRAM='$(install_sh) -c -s'
LD='/usr/bin/ld -m elf_x86_64'
LDFLAGS=''
LIBOBJS=''
LIBS=''
LIBTOOL='$(SHELL) $(top_builddir)/libtool'
LIPO=''
LN_S='ln -s'
LTLIBOBJS=''
LT_SYS_LIBRARY_PATH=''
MAKEINFO='${SHELL} '\''/home/monkyyy/src/graphicalsheel/pipexec-2.6.1/missing'\'' makeinfo'
MANIFEST_TOOL=':'
MKDIR_P='/usr/bin/mkdir -p'
NM='/usr/bin/nm -B'
NMEDIT=''
OBJDUMP='objdump'
OBJEXT='o'
OTOOL64=''
OTOOL=''
PACKAGE='pipexec'
PACKAGE_BUGREPORT='andreas@florath.net'
PACKAGE_NAME='pipexec'
PACKAGE_STRING='pipexec 2.6.1'
PACKAGE_TARNAME='pipexec'
PACKAGE_URL=''
PACKAGE_VERSION='2.6.1'
PATH_SEPARATOR=':'
RANLIB='ranlib'
SED='/usr/bin/sed'
SET_MAKE=''
SHELL='/bin/sh'
STRIP='strip'
USE_VALGRIND_FALSE=''
USE_VALGRIND_TRUE='#'
USE_VERSION_FILE_FALSE=''
USE_VERSION_FILE_TRUE='#'
VERSION='2.6.1'
ac_ct_AR='ar'
ac_ct_CC='gcc'
ac_ct_DUMPBIN=''
am__EXEEXT_FALSE=''
am__EXEEXT_TRUE='#'
am__fastdepCC_FALSE='#'
am__fastdepCC_TRUE=''
am__include='include'
am__isrc=''
am__leading_dot='.'
am__nodep='_no'
am__quote=''
am__tar='$${TAR-tar} chof - "$$tardir"'
am__untar='$${TAR-tar} xf -'
bindir='${exec_prefix}/bin'
build='x86_64-pc-linux-gnu'
build_alias=''
build_cpu='x86_64'
build_os='linux-gnu'
build_vendor='pc'
datadir='${datarootdir}'
datarootdir='${prefix}/share'
docdir='${datarootdir}/doc/${PACKAGE_TARNAME}'
dvidir='${docdir}'
exec_prefix='${prefix}'
host='x86_64-pc-linux-gnu'
host_alias=''
host_cpu='x86_64'
host_os='linux-gnu'
host_vendor='pc'
htmldir='${docdir}'
includedir='${prefix}/include'
infodir='${datarootdir}/info'
install_sh='${SHELL} /home/monkyyy/src/graphicalsheel/pipexec-2.6.1/install-sh'
libdir='${exec_prefix}/lib'
libexecdir='${exec_prefix}/libexec'
localedir='${datarootdir}/locale'
localstatedir='${prefix}/var'
mandir='${datarootdir}/man'
mkdir_p='$(MKDIR_P)'
oldincludedir='/usr/include'
pdfdir='${docdir}'
prefix='/usr/local'
program_transform_name='s,x,x,'
psdir='${docdir}'
runstatedir='${localstatedir}/run'
sbindir='${exec_prefix}/sbin'
sharedstatedir='${prefix}/com'
sysconfdir='${prefix}/etc'
target_alias=''

## ----------- ##
## confdefs.h. ##
## ----------- ##

/* confdefs.h */
#define PACKAGE_NAME "pipexec"
#define PACKAGE_TARNAME "pipexec"
#define PACKAGE_VERSION "2.6.1"
#define PACKAGE_STRING "pipexec 2.6.1"
#define PACKAGE_BUGREPORT "andreas@florath.net"
#define PACKAGE_URL ""
#define PACKAGE "pipexec"
#define VERSION "2.6.1"
#define HAVE_STDIO_H 1
#define HAVE_STDLIB_H 1
#define HAVE_STRING_H 1
#define HAVE_INTTYPES_H 1
#define HAVE_STDINT_H 1
#define HAVE_STRINGS_H 1
#define HAVE_SYS_STAT_H 1
#define HAVE_SYS_TYPES_H 1
#define HAVE_UNISTD_H 1
#define STDC_HEADERS 1
#define HAVE_DLFCN_H 1
#define LT_OBJDIR ".libs/"
#define WSS_NDEBUG /**/
#define WSS_NCOVERAGE /**/

configure: exit 0
